HU-0042 FZDR FDTM 9277.292331966099
ZLG GMAR IQ-0049 7321.607616148587
SYLD LUTR 9839.658665890152
NFNA PARK GB-0071 FR-0469 LFDT 19109.47123861894
OYHD NFKD 15788.623590882322
LMML LGLR EHHV 3581.497247084645
PH-0089 VTSE ER-0003 9679.04644944324
DRRA PARK MR-0002 NCAT 19596.724353507107
MD-0003 PARK PARK LHBC MK-0003 EHGR 4383.281463945341
NL-0067 PARK GB-0489 EH-0007 5139.809970319482
ZZ-0002 DNJA DTTG 8422.607948520203
SKMJ PARK GUGO PARK DNDS HRYR 13134.503977728138
CD-0035 PARK HHSB JO-0003 IQ-0037 7542.28075463102
LMML CD-0010 HRYI FBNT 8003.668414092361
LFNG PT-0099 LPMU LHSM 4653.9320137148425
LUTR MD-0006 LFRN 3277.6340573360035
SR-0005 GY-0004 VMMC 17831.581017595425
IQ-0037 PARK JO-0004 FDNS 8215.083179645444
LGAT PARK LGSA AM-0009 VDBG 9887.362809947259
GUCY PARK PARK GR-0028 VYMK 12794.12076730119
1.61
