HU-0042 FZDR FDTM 9268.5969144661
ZLG GMAR IQ-0049 7460.146101570463
SYLD LUTR 9839.658665890152
NFNA LHSM HU-0042 LFDT 19371.43139004452
OYHD NFKD 15714.338794632322
LMML LGLR EHHV 3707.016872084645
PH-0089 VTSE ER-0003 9719.012074443239
DRRA MR-0002 NCAT 19832.284819757107
MD-0003 LHBC MK-0003 EHGR 4403.277088945341
NL-0067 GB-0489 EH-0007 4948.810020319483
ZZ-0002 DNJA DTTG 8288.109698520202
SKMJ GUGO DNDS HRYR 13202.095327728137
CD-0035 HHSB JO-0003 IQ-0037 7596.546051262269
LMML CD-0010 HRYI FBNT 8359.49563102986
LFNG PT-0099 LPMU LHSM 4185.599999964843
LUTR MD-0006 LFRN 3121.1893073360034
SR-0005 GY-0004 VMMC 17806.215642595424
IQ-0037 JO-0004 FDNS 8545.222654645444
LGAT LGSA AM-0009 VDBG 9902.042059947258
GUCY GR-0028 VYMK 12837.416806051191
0.069
